TA/skrc_android/proguard/seeds.txt
com.rocode.skrc.LockActivity
com.rocode.skrc.LockActivity: LockActivity()
com.rocode.skrc.R$array: int log_level
com.rocode.skrc.R$drawable: int ic_launcher
com.rocode.skrc.R$drawable: int toast
com.rocode.skrc.R$drawable: int toast_noti_icon
com.rocode.skrc.R$drawable: int toaster
com.rocode.skrc.R$id: int bar1
com.rocode.skrc.R$id: int bar2
com.rocode.skrc.R$id: int button_clear_logcat
com.rocode.skrc.R$id: int button_get_user_apks
com.rocode.skrc.R$id: int button_rotate_0
com.rocode.skrc.R$id: int button_rotate_180
com.rocode.skrc.R$id: int button_rotate_270
com.rocode.skrc.R$id: int button_rotate_90
com.rocode.skrc.R$id: int button_rotate_recovery
com.rocode.skrc.R$id: int button_start_service
com.rocode.skrc.R$id: int button_stop_service
com.rocode.skrc.R$id: int empty
com.rocode.skrc.R$id: int input_tag
com.rocode.skrc.R$id: int log
com.rocode.skrc.R$id: int log_all
com.rocode.skrc.R$id: int log_list
com.rocode.skrc.R$id: int log_list_bar_left
com.rocode.skrc.R$id: int log_list_bar_right
com.rocode.skrc.R$id: int log_tag
com.rocode.skrc.R$id: int priority
com.rocode.skrc.R$id: int select_priority1
com.rocode.skrc.R$id: int start_log
com.rocode.skrc.R$id: int tag
com.rocode.skrc.R$id: int textView1
com.rocode.skrc.R$id: int toast_setting
com.rocode.skrc.R$id: int toast_setting_location
com.rocode.skrc.R$id: int toast_setting_size
com.rocode.skrc.R$id: int toast_setting_visibility
com.rocode.skrc.R$layout: int filter_setting
com.rocode.skrc.R$layout: int lock
com.rocode.skrc.R$layout: int log_listitem
com.rocode.skrc.R$layout: int log_reader
com.rocode.skrc.R$layout: int log_viewer
com.rocode.skrc.R$layout: int remocon
com.rocode.skrc.R$layout: int rotate
com.rocode.skrc.R$layout: int toast_setting
com.rocode.skrc.R$string: int _100_
com.rocode.skrc.R$string: int _30_
com.rocode.skrc.R$string: int _50_
com.rocode.skrc.R$string: int app_name
com.rocode.skrc.R$string: int bottom
com.rocode.skrc.R$string: int center
com.rocode.skrc.R$string: int click_this_pannel_to_invoke_a_log_remocon
com.rocode.skrc.R$string: int fail_to_create_a_file
com.rocode.skrc.R$string: int filter_priority
com.rocode.skrc.R$string: int hello
com.rocode.skrc.R$string: int hide_toast
com.rocode.skrc.R$string: int input_tag
com.rocode.skrc.R$string: int input_tag_hint
com.rocode.skrc.R$string: int invisible
com.rocode.skrc.R$string: int jump_to_error
com.rocode.skrc.R$string: int launch_viewer
com.rocode.skrc.R$string: int lock_screen_msg
com.rocode.skrc.R$string: int log_toaster_running
com.rocode.skrc.R$string: int log_toaster_stopped
com.rocode.skrc.R$string: int logging_service_is_now_running_
com.rocode.skrc.R$string: int logtoaster_app_name
com.rocode.skrc.R$string: int no_log
com.rocode.skrc.R$string: int please_display_non_tagged_logs_too
com.rocode.skrc.R$string: int rc_title
com.rocode.skrc.R$string: int rotate_app_name
com.rocode.skrc.R$string: int save_as
com.rocode.skrc.R$string: int send_to
com.rocode.skrc.R$string: int seperated_by
com.rocode.skrc.R$string: int service_start
com.rocode.skrc.R$string: int service_stop
com.rocode.skrc.R$string: int show_toast
com.rocode.skrc.R$string: int stop_service
com.rocode.skrc.R$string: int tab_toast_setting
com.rocode.skrc.RCBroadcastReceiver
com.rocode.skrc.RCService
com.rocode.skrc.RCService: RCService()
com.rocode.skrc.SKRCServiceJNI
com.rocode.skrc.SKRCServiceJNI: void startRuiCapSvc()
com.rocode.skrc.SKRCServiceJNI: void stopRuiCapSvc()
...
com.rocode.info.DeviceControl$6
com.rocode.monitor.CallMonitorBroadcastReceiver
com.rocode.monitor.ServiceMonitorBroadcastReceiver
com.rocode.rotate.RotateActivity
com.rocode.rotate.RotateActivity$1