TA/skrc_android/proguard/mapping.txt
com.rocode.skrc.LockActivity -> com.rocode.skrc.LockActivity:
    void onCreate(android.os.Bundle) -> onCreate
    boolean dispatchKeyEvent(android.view.KeyEvent) -> dispatchKeyEvent
com.rocode.skrc.RCBroadcastReceiver -> com.rocode.skrc.RCBroadcastReceiver:
    void onReceive(android.content.Context,android.content.Intent) -> onReceive
com.rocode.skrc.RCService -> com.rocode.skrc.RCService:
    com.rocode.socket.DeviceInfoServer server -> a
    com.rocode.rotate.ScreenRotator screenRotator -> b
    com.rocode.skrc.RCService$LogcatMonitor mLogcatMonitor -> c
    com.rocode.monitor.CallMonitorBroadcastReceiver callMonitor -> d
    java.util.ArrayList callAllowArray -> e
    java.util.ArrayList callBlockArray -> f
    java.util.ArrayList pkgBlockArray -> g
    java.util.ArrayList mimetypeBlockArray -> h
    java.util.Hashtable callBlockLog -> i
    java.util.Hashtable pkgBlockLog -> j
    android.content.Intent lockActivityIntent -> k
    android.app.ActivityManager am -> l
    boolean pkgBlock -> m
    android.os.Handler pkgBlockHandler -> n
    java.lang.Runnable pkgBlockRunnable -> o
    int postDelay -> p
    com.rocode.rotate.IRotate$Stub mBinder -> q
    android.os.IBinder onBind(android.content.Intent) -> onBind
    java.util.ArrayList getArrayList(java.lang.String,java.lang.String) -> a
    void onCreate() -> onCreate
    int onStartCommand(android.content.Intent,int,int) -> onStartCommand
    void onDestroy() -> onDestroy
    void stopRCService() -> a
    boolean isCallBlock() -> b
    java.util.ArrayList getCallAllowArray() -> c
    java.util.ArrayList getCallBlockArray() -> d
    void setCallBlockList(java.lang.String) -> a
    void setCallAllowList(java.lang.String) -> b
    void setBlockPkgNameList(java.lang.String) -> c
    void addCallBlockLog(java.lang.String) -> d
com.rocode.skrc.RCService$1 -> com.rocode.skrc.a:
    com.rocode.skrc.RCService this$0 -> a
    void run() -> run
com.rocode.skrc.RCService$2 -> com.rocode.skrc.b:
    com.rocode.skrc.RCService this$0 -> a
    void rotate0() -> a
    void rotate90() -> b
    void rotate180() -> c
    void rotate270() -> d
    void rotateRecovery() -> e
com.rocode.skrc.RCService$LogcatMonitor -> com.rocode.skrc.c:
    com.rocode.skrc.RCService this$0 -> a
    void onError(java.lang.String,java.lang.Throwable) -> a
    void onNewline(java.lang.String) -> a
...
com.rocode.info.DeviceControl -> com.rocode.info.a:
    android.content.Context context -> c
    android.os.PowerManager pm -> d
    android.view.WindowManager wm -> e
    android.telephony.TelephonyManager tm -> f
    android.view.Display display -> g
    android.util.DisplayMetrics metrics -> h
    int batteryTemperature -> a
    android.os.PowerManager$WakeLock wl -> i
    boolean wakeLock -> j
    com.rocode.rotate.ScreenRotator screenRotator -> k
    android.os.Handler handler -> l
    int batteryLevel -> b
    java.util.ArrayList exceptPkgNameArray -> m
    java.lang.String[] exceptPkgNames -> n
    java.lang.Runnable rotate0 -> o
    java.lang.Runnable rotate90 -> p
    java.lang.Runnable rotate180 -> q
    java.lang.Runnable rotate270 -> r
    java.lang.Runnable rotateRecovery -> s
    com.rocode.info.DeviceControl deviceControl -> t
    android.content.BroadcastReceiver mBatInfoReceiver -> u
    com.rocode.info.DeviceControl getDeviceControl(android.content.Context) -> a
    void clean() -> a
    java.lang.String getLine1Number() -> b
    java.lang.String getNetworkOperator() -> c
    java.lang.String getNetworkOperatorName() -> d
    boolean isSimStateAbsent() -> e
    boolean isSimStatePinRequired() -> f
    boolean isSimStatePUKRequired() -> g
    boolean isSimStateReady() -> h
    boolean isSimStateUnknown() -> i
    java.lang.String getDeviceId() -> j
    java.lang.String getDeviceSoftwareVersion() -> k
    boolean isScreenOn() -> l
com.rocode.info.DeviceControl$1 -> com.rocode.info.b:
    com.rocode.info.DeviceControl this$0 -> a
    void run() -> run
com.rocode.info.DeviceControl$2 -> com.rocode.info.c:
    com.rocode.info.DeviceControl this$0 -> a
    void run() -> run
com.rocode.info.DeviceControl$3 -> com.rocode.info.d:
    com.rocode.info.DeviceControl this$0 -> a
    void run() -> run
com.rocode.info.DeviceControl$4 -> com.rocode.info.e:
    com.rocode.info.DeviceControl this$0 -> a
    void run() -> run
com.rocode.info.DeviceControl$5 -> com.rocode.info.f:
    com.rocode.info.DeviceControl this$0 -> a
    void run() -> run
com.rocode.info.DeviceControl$6 -> com.rocode.info.DeviceControl$6:
    com.rocode.info.DeviceControl this$0 -> a
    void onReceive(android.content.Context,android.content.Intent) -> onReceive
com.rocode.log.Log -> com.rocode.a.a:
    boolean enableLog -> a
    void setLogEnable(boolean) -> a
    int d(java.lang.String,java.lang.String) -> a
    int i(java.lang.String,java.lang.String) -> b
    int e(java.lang.String,java.lang.String) -> c
com.rocode.monitor.CallMonitorBroadcastReceiver -> com.rocode.monitor.CallMonitorBroadcastReceiver:
    com.rocode.skrc.RCService service -> a
    void onReceive(android.content.Context,android.content.Intent) -> onReceive
    boolean shouldCancel(java.lang.String) -> a
com.rocode.monitor.ServiceMonitorBroadcastReceiver -> com.rocode.monitor.ServiceMonitorBroadcastReceiver:
    void onReceive(android.content.Context,android.content.Intent) -> onReceive
    boolean getServiceTaskName(android.content.Context) -> a
com.rocode.parser.CMDParser -> com.rocode.b.a:
    int execute(com.rocode.skrc.RCService,com.rocode.info.DeviceControl,int,int,java.lang.String,byte[]) -> a
com.rocode.rotate.IRotate -> com.rocode.rotate.a:
    void rotate0() -> a
    void rotate90() -> b
    void rotate180() -> c
    void rotate270() -> d
    void rotateRecovery() -> e
com.rocode.rotate.IRotate$Stub -> com.rocode.rotate.b:
    com.rocode.rotate.IRotate asInterface(android.os.IBinder) -> a
    android.os.IBinder asBinder() -> asBinder
    boolean onTransact(int,android.os.Parcel,android.os.Parcel,int) -> onTransact
com.rocode.rotate.IRotate$Stub$Proxy -> com.rocode.rotate.c:
    android.os.IBinder mRemote -> a
    android.os.IBinder asBinder() -> asBinder
    void rotate0() -> a
    void rotate90() -> b
    void rotate180() -> c
    void rotate270() -> d
    void rotateRecovery() -> e